2017-06-15 23:13:04 INFO  ContextLoader:285 - Root WebApplicationContext: initialization started
2017-06-15 23:13:04 INFO  XmlWebApplicationContext:510 - Refreshing Root WebApplicationContext: startup date [Thu Jun 15 23:13:04 ART 2017]; root of context hierarchy
2017-06-15 23:13:04 INFO  XmlBeanDefinitionReader:317 - Loading XML bean definitions from URL [file:/C:/Users/rodri/Desktop/Grupo-F-012017/desapp-groupF-backend/target/classes/META-INF/spring-persistence-context.xml]
2017-06-15 23:13:05 INFO  XmlBeanDefinitionReader:317 - Loading XML bean definitions from URL [file:/C:/Users/rodri/Desktop/Grupo-F-012017/desapp-groupF-backend/target/classes/META-INF/spring-services-context.xml]
2017-06-15 23:13:05 INFO  XmlBeanDefinitionReader:317 - Loading XML bean definitions from URL [file:/C:/Users/rodri/Desktop/Grupo-F-012017/desapp-groupF-backend/target/classes/META-INF/spring-aspects-context.xml]
2017-06-15 23:13:05 INFO  XmlBeanDefinitionReader:317 - Loading XML bean definitions from ServletContext resource [/WEB-INF/applicationContext.xml]
2017-06-15 23:13:05 INFO  XmlBeanDefinitionReader:317 - Loading XML bean definitions from class path resource [META-INF/cxf/cxf.xml]
2017-06-15 23:13:05 INFO  XmlBeanDefinitionReader:317 - Loading XML bean definitions from class path resource [META-INF/cxf/cxf-extension-soap.xml]
2017-06-15 23:13:05 INFO  XmlBeanDefinitionReader:317 - Loading XML bean definitions from class path resource [META-INF/cxf/cxf-servlet.xml]
2017-06-15 23:13:05 INFO  PropertyPlaceholderConfigurer:172 - Loading properties file from URL [file:/C:/Users/rodri/Desktop/Grupo-F-012017/desapp-groupF-backend/target/classes/META-INF/hibernate.properties]
2017-06-15 23:13:05 INFO  PropertyPlaceholderConfigurer:172 - Loading properties file from URL [file:/C:/Users/rodri/Desktop/Grupo-F-012017/desapp-groupF-backend/target/classes/META-INF/jdbc.properties]
2017-06-15 23:13:06 INFO  Version:66 - HCANN000001: Hibernate Commons Annotations {4.0.5.Final}
2017-06-15 23:13:06 INFO  Version:54 - HHH000412: Hibernate Core {4.3.6.Final}
2017-06-15 23:13:06 INFO  Environment:239 - HHH000206: hibernate.properties not found
2017-06-15 23:13:06 INFO  Environment:346 - HHH000021: Bytecode provider name : javassist
2017-06-15 23:13:06 WARN  DTDEntityResolver:75 - HHH000223: Recognized obsolete hibernate namespace http://hibernate.sourceforge.net/. Use namespace http://www.hibernate.org/dtd/ instead. Refer to Hibernate 3.6 Migration Guide!
2017-06-15 23:13:06 WARN  DTDEntityResolver:75 - HHH000223: Recognized obsolete hibernate namespace http://hibernate.sourceforge.net/. Use namespace http://www.hibernate.org/dtd/ instead. Refer to Hibernate 3.6 Migration Guide!
2017-06-15 23:13:06 WARN  DTDEntityResolver:75 - HHH000223: Recognized obsolete hibernate namespace http://hibernate.sourceforge.net/. Use namespace http://www.hibernate.org/dtd/ instead. Refer to Hibernate 3.6 Migration Guide!
2017-06-15 23:13:06 WARN  DTDEntityResolver:75 - HHH000223: Recognized obsolete hibernate namespace http://hibernate.sourceforge.net/. Use namespace http://www.hibernate.org/dtd/ instead. Refer to Hibernate 3.6 Migration Guide!
2017-06-15 23:13:06 WARN  DTDEntityResolver:75 - HHH000223: Recognized obsolete hibernate namespace http://hibernate.sourceforge.net/. Use namespace http://www.hibernate.org/dtd/ instead. Refer to Hibernate 3.6 Migration Guide!
2017-06-15 23:13:06 WARN  DTDEntityResolver:75 - HHH000223: Recognized obsolete hibernate namespace http://hibernate.sourceforge.net/. Use namespace http://www.hibernate.org/dtd/ instead. Refer to Hibernate 3.6 Migration Guide!
2017-06-15 23:13:06 WARN  DTDEntityResolver:75 - HHH000223: Recognized obsolete hibernate namespace http://hibernate.sourceforge.net/. Use namespace http://www.hibernate.org/dtd/ instead. Refer to Hibernate 3.6 Migration Guide!
2017-06-15 23:13:06 WARN  DTDEntityResolver:75 - HHH000223: Recognized obsolete hibernate namespace http://hibernate.sourceforge.net/. Use namespace http://www.hibernate.org/dtd/ instead. Refer to Hibernate 3.6 Migration Guide!
2017-06-15 23:13:06 WARN  DTDEntityResolver:75 - HHH000223: Recognized obsolete hibernate namespace http://hibernate.sourceforge.net/. Use namespace http://www.hibernate.org/dtd/ instead. Refer to Hibernate 3.6 Migration Guide!
2017-06-15 23:13:06 WARN  DTDEntityResolver:75 - HHH000223: Recognized obsolete hibernate namespace http://hibernate.sourceforge.net/. Use namespace http://www.hibernate.org/dtd/ instead. Refer to Hibernate 3.6 Migration Guide!
2017-06-15 23:13:06 WARN  DTDEntityResolver:75 - HHH000223: Recognized obsolete hibernate namespace http://hibernate.sourceforge.net/. Use namespace http://www.hibernate.org/dtd/ instead. Refer to Hibernate 3.6 Migration Guide!
2017-06-15 23:13:07 INFO  Dialect:145 - HHH000400: Using dialect: org.hibernate.dialect.HSQLDialect
2017-06-15 23:13:07 INFO  TransactionFactoryInitiator:62 - HHH000399: Using default transaction strategy (direct JDBC transactions)
2017-06-15 23:13:07 INFO  ASTQueryTranslatorFactory:47 - HHH000397: Using ASTQueryTranslatorFactory
2017-06-15 23:13:07 INFO  PojoInstantiator:85 - HHH000182: No default (no-argument) constructor for class: model.ListItem (class must be instantiated by Interceptor)
2017-06-15 23:13:07 INFO  SchemaExport:343 - HHH000227: Running hbm2ddl schema export
2017-06-15 23:13:07 ERROR SchemaExport:425 - HHH000389: Unsuccessful: alter table ListItem drop constraint FK_p6l7a7x05sua2wuyo090o2wm3
2017-06-15 23:13:07 ERROR SchemaExport:426 - user lacks privilege or object not found: PUBLIC.LISTITEM
2017-06-15 23:13:07 ERROR SchemaExport:425 - HHH000389: Unsuccessful: alter table Offer drop constraint FK_19gb4jx6t6eqwrhf64pnab8i7
2017-06-15 23:13:07 ERROR SchemaExport:426 - user lacks privilege or object not found: PUBLIC.OFFER
2017-06-15 23:13:07 ERROR SchemaExport:425 - HHH000389: Unsuccessful: alter table Product drop constraint FK_ih5k4ovono1qth89u0wuovvyw
2017-06-15 23:13:07 ERROR SchemaExport:426 - user lacks privilege or object not found: PUBLIC.PRODUCT
2017-06-15 23:13:07 ERROR SchemaExport:425 - HHH000389: Unsuccessful: alter table ProductList drop constraint FK_soy60l0i0cvbg7ul6xkv0qp4f
2017-06-15 23:13:07 ERROR SchemaExport:426 - user lacks privilege or object not found: PUBLIC.PRODUCTLIST
2017-06-15 23:13:07 ERROR SchemaExport:425 - HHH000389: Unsuccessful: create table Buyer (ID varchar(255) generated by default as identity (start with 1), primary key (ID))
2017-06-15 23:13:07 ERROR SchemaExport:426 - incompatible data type in operation
2017-06-15 23:13:07 ERROR SchemaExport:425 - HHH000389: Unsuccessful: alter table ProductList add constraint FK_soy60l0i0cvbg7ul6xkv0qp4f foreign key (id) references Buyer
2017-06-15 23:13:07 ERROR SchemaExport:426 - user lacks privilege or object not found: BUYER
2017-06-15 23:13:07 INFO  SchemaExport:405 - HHH000230: Schema export complete
2017-06-15 23:13:07 INFO  HibernateTransactionManager:360 - Using DataSource [org.apache.commons.dbcp.BasicDataSource@1763992e] of Hibernate SessionFactory for HibernateTransactionManager
2017-06-15 23:13:07 INFO  XmlBeanDefinitionReader:317 - Loading XML bean definitions from class path resource [org/springframework/jdbc/support/sql-error-codes.xml]
2017-06-15 23:13:07 INFO  SQLErrorCodesFactory:126 - SQLErrorCodes loaded: [DB2, Derby, H2, HSQL, Informix, MS-SQL, MySQL, Oracle, PostgreSQL, Sybase, Hana]
2017-06-15 23:13:08 INFO  CglibAopProxy:264 - Unable to proxy method [protected final org.hibernate.Session org.springframework.orm.hibernate4.support.HibernateDaoSupport.currentSession() throws org.springframework.dao.DataAccessResourceFailureException] because it is final: All calls to this method via a proxy will NOT be routed to the target instance.
2017-06-15 23:13:08 INFO  CglibAopProxy:264 - Unable to proxy method [protected final void org.springframework.orm.hibernate4.support.HibernateDaoSupport.checkDaoConfig()] because it is final: All calls to this method via a proxy will NOT be routed to the target instance.
2017-06-15 23:13:08 INFO  CglibAopProxy:264 - Unable to proxy method [public final org.springframework.orm.hibernate4.HibernateTemplate org.springframework.orm.hibernate4.support.HibernateDaoSupport.getHibernateTemplate()] because it is final: All calls to this method via a proxy will NOT be routed to the target instance.
2017-06-15 23:13:08 INFO  CglibAopProxy:264 - Unable to proxy method [public final void org.springframework.orm.hibernate4.support.HibernateDaoSupport.setHibernateTemplate(org.springframework.orm.hibernate4.HibernateTemplate)] because it is final: All calls to this method via a proxy will NOT be routed to the target instance.
2017-06-15 23:13:08 INFO  CglibAopProxy:264 - Unable to proxy method [public final void org.springframework.orm.hibernate4.support.HibernateDaoSupport.setSessionFactory(org.hibernate.SessionFactory)] because it is final: All calls to this method via a proxy will NOT be routed to the target instance.
2017-06-15 23:13:08 INFO  CglibAopProxy:264 - Unable to proxy method [public final org.hibernate.SessionFactory org.springframework.orm.hibernate4.support.HibernateDaoSupport.getSessionFactory()] because it is final: All calls to this method via a proxy will NOT be routed to the target instance.
2017-06-15 23:13:08 INFO  CglibAopProxy:264 - Unable to proxy method [public final void org.springframework.dao.support.DaoSupport.afterPropertiesSet() throws java.lang.IllegalArgumentException,org.springframework.beans.factory.BeanInitializationException] because it is final: All calls to this method via a proxy will NOT be routed to the target instance.
2017-06-15 23:13:08 INFO  CglibAopProxy:264 - Unable to proxy method [protected final org.hibernate.Session org.springframework.orm.hibernate4.support.HibernateDaoSupport.currentSession() throws org.springframework.dao.DataAccessResourceFailureException] because it is final: All calls to this method via a proxy will NOT be routed to the target instance.
2017-06-15 23:13:08 INFO  CglibAopProxy:264 - Unable to proxy method [protected final void org.springframework.orm.hibernate4.support.HibernateDaoSupport.checkDaoConfig()] because it is final: All calls to this method via a proxy will NOT be routed to the target instance.
2017-06-15 23:13:08 INFO  CglibAopProxy:264 - Unable to proxy method [public final org.springframework.orm.hibernate4.HibernateTemplate org.springframework.orm.hibernate4.support.HibernateDaoSupport.getHibernateTemplate()] because it is final: All calls to this method via a proxy will NOT be routed to the target instance.
2017-06-15 23:13:08 INFO  CglibAopProxy:264 - Unable to proxy method [public final void org.springframework.orm.hibernate4.support.HibernateDaoSupport.setHibernateTemplate(org.springframework.orm.hibernate4.HibernateTemplate)] because it is final: All calls to this method via a proxy will NOT be routed to the target instance.
2017-06-15 23:13:08 INFO  CglibAopProxy:264 - Unable to proxy method [public final void org.springframework.orm.hibernate4.support.HibernateDaoSupport.setSessionFactory(org.hibernate.SessionFactory)] because it is final: All calls to this method via a proxy will NOT be routed to the target instance.
2017-06-15 23:13:08 INFO  CglibAopProxy:264 - Unable to proxy method [public final org.hibernate.SessionFactory org.springframework.orm.hibernate4.support.HibernateDaoSupport.getSessionFactory()] because it is final: All calls to this method via a proxy will NOT be routed to the target instance.
2017-06-15 23:13:08 INFO  CglibAopProxy:264 - Unable to proxy method [public final void org.springframework.dao.support.DaoSupport.afterPropertiesSet() throws java.lang.IllegalArgumentException,org.springframework.beans.factory.BeanInitializationException] because it is final: All calls to this method via a proxy will NOT be routed to the target instance.
2017-06-15 23:13:08 INFO  CglibAopProxy:264 - Unable to proxy method [protected final org.hibernate.Session org.springframework.orm.hibernate4.support.HibernateDaoSupport.currentSession() throws org.springframework.dao.DataAccessResourceFailureException] because it is final: All calls to this method via a proxy will NOT be routed to the target instance.
2017-06-15 23:13:08 INFO  CglibAopProxy:264 - Unable to proxy method [protected final void org.springframework.orm.hibernate4.support.HibernateDaoSupport.checkDaoConfig()] because it is final: All calls to this method via a proxy will NOT be routed to the target instance.
2017-06-15 23:13:08 INFO  CglibAopProxy:264 - Unable to proxy method [public final org.springframework.orm.hibernate4.HibernateTemplate org.springframework.orm.hibernate4.support.HibernateDaoSupport.getHibernateTemplate()] because it is final: All calls to this method via a proxy will NOT be routed to the target instance.
2017-06-15 23:13:08 INFO  CglibAopProxy:264 - Unable to proxy method [public final void org.springframework.orm.hibernate4.support.HibernateDaoSupport.setHibernateTemplate(org.springframework.orm.hibernate4.HibernateTemplate)] because it is final: All calls to this method via a proxy will NOT be routed to the target instance.
2017-06-15 23:13:08 INFO  CglibAopProxy:264 - Unable to proxy method [public final void org.springframework.orm.hibernate4.support.HibernateDaoSupport.setSessionFactory(org.hibernate.SessionFactory)] because it is final: All calls to this method via a proxy will NOT be routed to the target instance.
2017-06-15 23:13:08 INFO  CglibAopProxy:264 - Unable to proxy method [public final org.hibernate.SessionFactory org.springframework.orm.hibernate4.support.HibernateDaoSupport.getSessionFactory()] because it is final: All calls to this method via a proxy will NOT be routed to the target instance.
2017-06-15 23:13:08 INFO  CglibAopProxy:264 - Unable to proxy method [public final void org.springframework.dao.support.DaoSupport.afterPropertiesSet() throws java.lang.IllegalArgumentException,org.springframework.beans.factory.BeanInitializationException] because it is final: All calls to this method via a proxy will NOT be routed to the target instance.
2017-06-15 23:13:08 INFO  ServerImpl:84 - Setting the server's publish address to be /
2017-06-15 23:13:08 INFO  ContextLoader:325 - Root WebApplicationContext: initialization completed in 4218 ms
2017-06-15 23:13:23 INFO  LoggingInInterceptor:249 - Inbound Message
----------------------------
ID: 1
Address: http://localhost:8080/desapp-groupF-backend/rest/products/getProducts
Http-Method: GET
Content-Type: 
Headers: {Accept=[text/html,application/xhtml+xml,application/xml;q=0.9,image/webp,*/*;q=0.8], accept-encoding=[gzip, deflate, sdch, br], Accept-Language=[es-419,es;q=0.8], connection=[keep-alive], Content-Type=[null], Host=[localhost:8080], Upgrade-Insecure-Requests=[1], User-Agent=[Mozilla/5.0 (Windows NT 10.0; Win64; x64) AppleWebKit/537.36 (KHTML, like Gecko) Chrome/58.0.3029.110 Safari/537.36]}
--------------------------------------
2017-06-15 23:13:23 WARN  JAXRSUtils:113 - Both servicesRest.ProductServicesRest#getProducts and servicesRest.ProductServicesRest#getProducts are equal candidates for handling the current request which can lead to unpredictable results
2017-06-15 23:13:23 INFO  LoggerAspect:18 - Method intercepted in servicesRest.ProductServicesRest
2017-06-15 23:13:23 INFO  LoggingInInterceptor:249 - Inbound Message
----------------------------
ID: 2
Address: http://localhost:8080/desapp-groupF-backend/rest/products/getProducts
Http-Method: GET
Content-Type: 
Headers: {Accept=[text/html,application/xhtml+xml,application/xml;q=0.9,image/webp,*/*;q=0.8], accept-encoding=[gzip, deflate, sdch, br], Accept-Language=[es-419,es;q=0.8], connection=[keep-alive], Content-Type=[null], Host=[localhost:8080], Upgrade-Insecure-Requests=[1], User-Agent=[Mozilla/5.0 (Windows NT 10.0; Win64; x64) AppleWebKit/537.36 (KHTML, like Gecko) Chrome/58.0.3029.110 Safari/537.36]}
--------------------------------------
2017-06-15 23:13:23 WARN  JAXRSUtils:113 - Both servicesRest.ProductServicesRest#getProducts and servicesRest.ProductServicesRest#getProducts are equal candidates for handling the current request which can lead to unpredictable results
2017-06-15 23:13:23 INFO  LoggerAspect:18 - Method intercepted in servicesRest.ProductServicesRest
2017-06-15 23:13:24 INFO  LoggingOutInterceptor:249 - Outbound Message
---------------------------
ID: 2
Response-Code: 200
Content-Type: application/json
Headers: {Content-Type=[application/json], Date=[Fri, 16 Jun 2017 02:13:23 GMT]}
Payload: [{"name":"Papas Fritas","id":1,"category":"Food","price":{"entirePart":50,"decimalPart":0},"stock":2,"brand":"Pringles","image":"https://www.vegaffinity.com/imagenes/alimentos/pringlesoriginal.png"},{"name":"Maní x 500 gr.","id":2,"category":"Food","price":{"entirePart":25,"decimalPart":0},"stock":2,"brand":"ALoLoco","image":"http://jumbo.vteximg.com.br/arquivos/ids/161514-100-100/1582126.jpg"},{"name":"Jamón cocido x 100 gr.","id":3,"category":"Food","price":{"entirePart":40,"decimalPart":0},"stock":2,"brand":"Bocatti","image":"http://jumbo.vteximg.com.br/arquivos/ids/169721-100-100/705256-KG.jpg"},{"name":"Aperitivo x 1L","id":4,"category":"Drinks","price":{"entirePart":80,"decimalPart":0},"stock":2,"brand":"Gancia","image":"http://walmartar.vteximg.com.br/arquivos/ids/780751-100-100/0779095000019-1.jpg"},{"name":"Gaseosa x 2.25L","id":5,"category":"Food","price":{"entirePart":22,"decimalPart":0},"stock":2,"brand":"Sprite","image":"http://jumbo.vteximg.com.br/arquivos/ids/159435-100-100/263427.jpg"}]
--------------------------------------
2017-06-15 23:13:24 INFO  LoggingOutInterceptor:249 - Outbound Message
---------------------------
ID: 1
Response-Code: 200
Content-Type: application/json
Headers: {Content-Type=[application/json], Date=[Fri, 16 Jun 2017 02:13:23 GMT]}
Payload: [{"name":"Papas Fritas","id":1,"category":"Food","price":{"entirePart":50,"decimalPart":0},"stock":2,"brand":"Pringles","image":"https://www.vegaffinity.com/imagenes/alimentos/pringlesoriginal.png"},{"name":"Maní x 500 gr.","id":2,"category":"Food","price":{"entirePart":25,"decimalPart":0},"stock":2,"brand":"ALoLoco","image":"http://jumbo.vteximg.com.br/arquivos/ids/161514-100-100/1582126.jpg"},{"name":"Jamón cocido x 100 gr.","id":3,"category":"Food","price":{"entirePart":40,"decimalPart":0},"stock":2,"brand":"Bocatti","image":"http://jumbo.vteximg.com.br/arquivos/ids/169721-100-100/705256-KG.jpg"},{"name":"Aperitivo x 1L","id":4,"category":"Drinks","price":{"entirePart":80,"decimalPart":0},"stock":2,"brand":"Gancia","image":"http://walmartar.vteximg.com.br/arquivos/ids/780751-100-100/0779095000019-1.jpg"},{"name":"Gaseosa x 2.25L","id":5,"category":"Food","price":{"entirePart":22,"decimalPart":0},"stock":2,"brand":"Sprite","image":"http://jumbo.vteximg.com.br/arquivos/ids/159435-100-100/263427.jpg"}]
--------------------------------------
