2017-06-15 23:44:09,205 INFO  org.springframework.web.context.ContextLoader (ContextLoader.java:285) - Root WebApplicationContext: initialization started
1}:285 - Root WebApplicationContext: initialization started
2017-06-15 23:44:09,367 INFO  org.springframework.context.support.AbstractApplicationContext (AbstractApplicationContext.java:510) - Refreshing Root WebApplicationContext: startup date [Thu Jun 15 23:44:09 ART 2017]; root of context hierarchy
1}:510 - Refreshing Root WebApplicationContext: startup date [Thu Jun 15 23:44:09 ART 2017]; root of context hierarchy
2017-06-15 23:44:09,417 INFO  org.springframework.beans.factory.xml.XmlBeanDefinitionReader (XmlBeanDefinitionReader.java:317) - Loading XML bean definitions from URL [file:/C:/Users/rodri/Desktop/Grupo-F-012017/desapp-groupF-backend/target/classes/META-INF/spring-persistence-context.xml]
1}:317 - Loading XML bean definitions from URL [file:/C:/Users/rodri/Desktop/Grupo-F-012017/desapp-groupF-backend/target/classes/META-INF/spring-persistence-context.xml]
2017-06-15 23:44:09,593 INFO  org.springframework.beans.factory.xml.XmlBeanDefinitionReader (XmlBeanDefinitionReader.java:317) - Loading XML bean definitions from URL [file:/C:/Users/rodri/Desktop/Grupo-F-012017/desapp-groupF-backend/target/classes/META-INF/spring-services-context.xml]
1}:317 - Loading XML bean definitions from URL [file:/C:/Users/rodri/Desktop/Grupo-F-012017/desapp-groupF-backend/target/classes/META-INF/spring-services-context.xml]
2017-06-15 23:44:09,616 INFO  org.springframework.beans.factory.xml.XmlBeanDefinitionReader (XmlBeanDefinitionReader.java:317) - Loading XML bean definitions from URL [file:/C:/Users/rodri/Desktop/Grupo-F-012017/desapp-groupF-backend/target/classes/META-INF/spring-aspects-context.xml]
1}:317 - Loading XML bean definitions from URL [file:/C:/Users/rodri/Desktop/Grupo-F-012017/desapp-groupF-backend/target/classes/META-INF/spring-aspects-context.xml]
2017-06-15 23:44:09,659 INFO  org.springframework.beans.factory.xml.XmlBeanDefinitionReader (XmlBeanDefinitionReader.java:317) - Loading XML bean definitions from ServletContext resource [/WEB-INF/applicationContext.xml]
1}:317 - Loading XML bean definitions from ServletContext resource [/WEB-INF/applicationContext.xml]
2017-06-15 23:44:09,693 INFO  org.springframework.beans.factory.xml.XmlBeanDefinitionReader (XmlBeanDefinitionReader.java:317) - Loading XML bean definitions from class path resource [META-INF/cxf/cxf.xml]
1}:317 - Loading XML bean definitions from class path resource [META-INF/cxf/cxf.xml]
2017-06-15 23:44:09,712 INFO  org.springframework.beans.factory.xml.XmlBeanDefinitionReader (XmlBeanDefinitionReader.java:317) - Loading XML bean definitions from class path resource [META-INF/cxf/cxf-extension-soap.xml]
1}:317 - Loading XML bean definitions from class path resource [META-INF/cxf/cxf-extension-soap.xml]
2017-06-15 23:44:09,728 INFO  org.springframework.beans.factory.xml.XmlBeanDefinitionReader (XmlBeanDefinitionReader.java:317) - Loading XML bean definitions from class path resource [META-INF/cxf/cxf-servlet.xml]
1}:317 - Loading XML bean definitions from class path resource [META-INF/cxf/cxf-servlet.xml]
2017-06-15 23:44:09,999 INFO  org.springframework.core.io.support.PropertiesLoaderSupport (PropertiesLoaderSupport.java:172) - Loading properties file from URL [file:/C:/Users/rodri/Desktop/Grupo-F-012017/desapp-groupF-backend/target/classes/META-INF/hibernate.properties]
1}:172 - Loading properties file from URL [file:/C:/Users/rodri/Desktop/Grupo-F-012017/desapp-groupF-backend/target/classes/META-INF/hibernate.properties]
2017-06-15 23:44:09,999 INFO  org.springframework.core.io.support.PropertiesLoaderSupport (PropertiesLoaderSupport.java:172) - Loading properties file from URL [file:/C:/Users/rodri/Desktop/Grupo-F-012017/desapp-groupF-backend/target/classes/META-INF/jdbc.properties]
1}:172 - Loading properties file from URL [file:/C:/Users/rodri/Desktop/Grupo-F-012017/desapp-groupF-backend/target/classes/META-INF/jdbc.properties]
2017-06-15 23:44:10,815 INFO  org.hibernate.annotations.common.reflection.java.JavaReflectionManager (JavaReflectionManager.java:66) - HCANN000001: Hibernate Commons Annotations {4.0.5.Final}
1}:66 - HCANN000001: Hibernate Commons Annotations {4.0.5.Final}
2017-06-15 23:44:10,822 INFO  org.hibernate.Version (Version.java:54) - HHH000412: Hibernate Core {4.3.6.Final}
1}:54 - HHH000412: Hibernate Core {4.3.6.Final}
2017-06-15 23:44:10,823 INFO  org.hibernate.cfg.Environment (Environment.java:239) - HHH000206: hibernate.properties not found
1}:239 - HHH000206: hibernate.properties not found
2017-06-15 23:44:10,826 INFO  org.hibernate.cfg.Environment (Environment.java:346) - HHH000021: Bytecode provider name : javassist
1}:346 - HHH000021: Bytecode provider name : javassist
2017-06-15 23:44:10,880 WARN  org.hibernate.internal.util.xml.DTDEntityResolver (DTDEntityResolver.java:75) - HHH000223: Recognized obsolete hibernate namespace http://hibernate.sourceforge.net/. Use namespace http://www.hibernate.org/dtd/ instead. Refer to Hibernate 3.6 Migration Guide!
1}:75 - HHH000223: Recognized obsolete hibernate namespace http://hibernate.sourceforge.net/. Use namespace http://www.hibernate.org/dtd/ instead. Refer to Hibernate 3.6 Migration Guide!
2017-06-15 23:44:10,926 WARN  org.hibernate.internal.util.xml.DTDEntityResolver (DTDEntityResolver.java:75) - HHH000223: Recognized obsolete hibernate namespace http://hibernate.sourceforge.net/. Use namespace http://www.hibernate.org/dtd/ instead. Refer to Hibernate 3.6 Migration Guide!
1}:75 - HHH000223: Recognized obsolete hibernate namespace http://hibernate.sourceforge.net/. Use namespace http://www.hibernate.org/dtd/ instead. Refer to Hibernate 3.6 Migration Guide!
2017-06-15 23:44:10,944 WARN  org.hibernate.internal.util.xml.DTDEntityResolver (DTDEntityResolver.java:75) - HHH000223: Recognized obsolete hibernate namespace http://hibernate.sourceforge.net/. Use namespace http://www.hibernate.org/dtd/ instead. Refer to Hibernate 3.6 Migration Guide!
1}:75 - HHH000223: Recognized obsolete hibernate namespace http://hibernate.sourceforge.net/. Use namespace http://www.hibernate.org/dtd/ instead. Refer to Hibernate 3.6 Migration Guide!
2017-06-15 23:44:10,957 WARN  org.hibernate.internal.util.xml.DTDEntityResolver (DTDEntityResolver.java:75) - HHH000223: Recognized obsolete hibernate namespace http://hibernate.sourceforge.net/. Use namespace http://www.hibernate.org/dtd/ instead. Refer to Hibernate 3.6 Migration Guide!
1}:75 - HHH000223: Recognized obsolete hibernate namespace http://hibernate.sourceforge.net/. Use namespace http://www.hibernate.org/dtd/ instead. Refer to Hibernate 3.6 Migration Guide!
2017-06-15 23:44:10,967 WARN  org.hibernate.internal.util.xml.DTDEntityResolver (DTDEntityResolver.java:75) - HHH000223: Recognized obsolete hibernate namespace http://hibernate.sourceforge.net/. Use namespace http://www.hibernate.org/dtd/ instead. Refer to Hibernate 3.6 Migration Guide!
1}:75 - HHH000223: Recognized obsolete hibernate namespace http://hibernate.sourceforge.net/. Use namespace http://www.hibernate.org/dtd/ instead. Refer to Hibernate 3.6 Migration Guide!
2017-06-15 23:44:10,977 WARN  org.hibernate.internal.util.xml.DTDEntityResolver (DTDEntityResolver.java:75) - HHH000223: Recognized obsolete hibernate namespace http://hibernate.sourceforge.net/. Use namespace http://www.hibernate.org/dtd/ instead. Refer to Hibernate 3.6 Migration Guide!
1}:75 - HHH000223: Recognized obsolete hibernate namespace http://hibernate.sourceforge.net/. Use namespace http://www.hibernate.org/dtd/ instead. Refer to Hibernate 3.6 Migration Guide!
2017-06-15 23:44:10,986 WARN  org.hibernate.internal.util.xml.DTDEntityResolver (DTDEntityResolver.java:75) - HHH000223: Recognized obsolete hibernate namespace http://hibernate.sourceforge.net/. Use namespace http://www.hibernate.org/dtd/ instead. Refer to Hibernate 3.6 Migration Guide!
1}:75 - HHH000223: Recognized obsolete hibernate namespace http://hibernate.sourceforge.net/. Use namespace http://www.hibernate.org/dtd/ instead. Refer to Hibernate 3.6 Migration Guide!
2017-06-15 23:44:10,994 WARN  org.hibernate.internal.util.xml.DTDEntityResolver (DTDEntityResolver.java:75) - HHH000223: Recognized obsolete hibernate namespace http://hibernate.sourceforge.net/. Use namespace http://www.hibernate.org/dtd/ instead. Refer to Hibernate 3.6 Migration Guide!
1}:75 - HHH000223: Recognized obsolete hibernate namespace http://hibernate.sourceforge.net/. Use namespace http://www.hibernate.org/dtd/ instead. Refer to Hibernate 3.6 Migration Guide!
2017-06-15 23:44:11,009 WARN  org.hibernate.internal.util.xml.DTDEntityResolver (DTDEntityResolver.java:75) - HHH000223: Recognized obsolete hibernate namespace http://hibernate.sourceforge.net/. Use namespace http://www.hibernate.org/dtd/ instead. Refer to Hibernate 3.6 Migration Guide!
1}:75 - HHH000223: Recognized obsolete hibernate namespace http://hibernate.sourceforge.net/. Use namespace http://www.hibernate.org/dtd/ instead. Refer to Hibernate 3.6 Migration Guide!
2017-06-15 23:44:11,018 WARN  org.hibernate.internal.util.xml.DTDEntityResolver (DTDEntityResolver.java:75) - HHH000223: Recognized obsolete hibernate namespace http://hibernate.sourceforge.net/. Use namespace http://www.hibernate.org/dtd/ instead. Refer to Hibernate 3.6 Migration Guide!
1}:75 - HHH000223: Recognized obsolete hibernate namespace http://hibernate.sourceforge.net/. Use namespace http://www.hibernate.org/dtd/ instead. Refer to Hibernate 3.6 Migration Guide!
2017-06-15 23:44:11,027 WARN  org.hibernate.internal.util.xml.DTDEntityResolver (DTDEntityResolver.java:75) - HHH000223: Recognized obsolete hibernate namespace http://hibernate.sourceforge.net/. Use namespace http://www.hibernate.org/dtd/ instead. Refer to Hibernate 3.6 Migration Guide!
1}:75 - HHH000223: Recognized obsolete hibernate namespace http://hibernate.sourceforge.net/. Use namespace http://www.hibernate.org/dtd/ instead. Refer to Hibernate 3.6 Migration Guide!
2017-06-15 23:44:11,743 INFO  org.hibernate.dialect.Dialect (Dialect.java:145) - HHH000400: Using dialect: org.hibernate.dialect.HSQLDialect
1}:145 - HHH000400: Using dialect: org.hibernate.dialect.HSQLDialect
2017-06-15 23:44:11,905 INFO  org.hibernate.engine.transaction.internal.TransactionFactoryInitiator (TransactionFactoryInitiator.java:62) - HHH000399: Using default transaction strategy (direct JDBC transactions)
1}:62 - HHH000399: Using default transaction strategy (direct JDBC transactions)
2017-06-15 23:44:11,913 INFO  org.hibernate.hql.internal.ast.ASTQueryTranslatorFactory (ASTQueryTranslatorFactory.java:47) - HHH000397: Using ASTQueryTranslatorFactory
1}:47 - HHH000397: Using ASTQueryTranslatorFactory
2017-06-15 23:44:12,138 INFO  org.hibernate.tuple.PojoInstantiator (PojoInstantiator.java:85) - HHH000182: No default (no-argument) constructor for class: model.ListItem (class must be instantiated by Interceptor)
1}:85 - HHH000182: No default (no-argument) constructor for class: model.ListItem (class must be instantiated by Interceptor)
2017-06-15 23:44:12,428 INFO  org.hibernate.tool.hbm2ddl.SchemaExport (SchemaExport.java:343) - HHH000227: Running hbm2ddl schema export
1}:343 - HHH000227: Running hbm2ddl schema export
2017-06-15 23:44:12,432 ERROR org.hibernate.tool.hbm2ddl.SchemaExport (SchemaExport.java:425) - HHH000389: Unsuccessful: alter table ListItem drop constraint FK_p6l7a7x05sua2wuyo090o2wm3
1}:425 - HHH000389: Unsuccessful: alter table ListItem drop constraint FK_p6l7a7x05sua2wuyo090o2wm3
2017-06-15 23:44:12,433 ERROR org.hibernate.tool.hbm2ddl.SchemaExport (SchemaExport.java:426) - user lacks privilege or object not found: PUBLIC.LISTITEM
1}:426 - user lacks privilege or object not found: PUBLIC.LISTITEM
2017-06-15 23:44:12,433 ERROR org.hibernate.tool.hbm2ddl.SchemaExport (SchemaExport.java:425) - HHH000389: Unsuccessful: alter table Offer drop constraint FK_19gb4jx6t6eqwrhf64pnab8i7
1}:425 - HHH000389: Unsuccessful: alter table Offer drop constraint FK_19gb4jx6t6eqwrhf64pnab8i7
2017-06-15 23:44:12,433 ERROR org.hibernate.tool.hbm2ddl.SchemaExport (SchemaExport.java:426) - user lacks privilege or object not found: PUBLIC.OFFER
1}:426 - user lacks privilege or object not found: PUBLIC.OFFER
2017-06-15 23:44:12,434 ERROR org.hibernate.tool.hbm2ddl.SchemaExport (SchemaExport.java:425) - HHH000389: Unsuccessful: alter table Product drop constraint FK_ih5k4ovono1qth89u0wuovvyw
1}:425 - HHH000389: Unsuccessful: alter table Product drop constraint FK_ih5k4ovono1qth89u0wuovvyw
2017-06-15 23:44:12,434 ERROR org.hibernate.tool.hbm2ddl.SchemaExport (SchemaExport.java:426) - user lacks privilege or object not found: PUBLIC.PRODUCT
1}:426 - user lacks privilege or object not found: PUBLIC.PRODUCT
2017-06-15 23:44:12,434 ERROR org.hibernate.tool.hbm2ddl.SchemaExport (SchemaExport.java:425) - HHH000389: Unsuccessful: alter table ProductList drop constraint FK_soy60l0i0cvbg7ul6xkv0qp4f
1}:425 - HHH000389: Unsuccessful: alter table ProductList drop constraint FK_soy60l0i0cvbg7ul6xkv0qp4f
2017-06-15 23:44:12,434 ERROR org.hibernate.tool.hbm2ddl.SchemaExport (SchemaExport.java:426) - user lacks privilege or object not found: PUBLIC.PRODUCTLIST
1}:426 - user lacks privilege or object not found: PUBLIC.PRODUCTLIST
2017-06-15 23:44:12,437 ERROR org.hibernate.tool.hbm2ddl.SchemaExport (SchemaExport.java:425) - HHH000389: Unsuccessful: create table Buyer (ID varchar(255) generated by default as identity (start with 1), primary key (ID))
1}:425 - HHH000389: Unsuccessful: create table Buyer (ID varchar(255) generated by default as identity (start with 1), primary key (ID))
2017-06-15 23:44:12,437 ERROR org.hibernate.tool.hbm2ddl.SchemaExport (SchemaExport.java:426) - incompatible data type in operation
1}:426 - incompatible data type in operation
2017-06-15 23:44:12,443 ERROR org.hibernate.tool.hbm2ddl.SchemaExport (SchemaExport.java:425) - HHH000389: Unsuccessful: alter table ProductList add constraint FK_soy60l0i0cvbg7ul6xkv0qp4f foreign key (id) references Buyer
1}:425 - HHH000389: Unsuccessful: alter table ProductList add constraint FK_soy60l0i0cvbg7ul6xkv0qp4f foreign key (id) references Buyer
2017-06-15 23:44:12,443 ERROR org.hibernate.tool.hbm2ddl.SchemaExport (SchemaExport.java:426) - user lacks privilege or object not found: BUYER
1}:426 - user lacks privilege or object not found: BUYER
2017-06-15 23:44:12,444 INFO  org.hibernate.tool.hbm2ddl.SchemaExport (SchemaExport.java:405) - HHH000230: Schema export complete
1}:405 - HHH000230: Schema export complete
2017-06-15 23:44:12,533 INFO  org.springframework.orm.hibernate4.HibernateTransactionManager (HibernateTransactionManager.java:360) - Using DataSource [org.apache.commons.dbcp.BasicDataSource@1763992e] of Hibernate SessionFactory for HibernateTransactionManager
1}:360 - Using DataSource [org.apache.commons.dbcp.BasicDataSource@1763992e] of Hibernate SessionFactory for HibernateTransactionManager
2017-06-15 23:44:12,585 INFO  org.springframework.beans.factory.xml.XmlBeanDefinitionReader (XmlBeanDefinitionReader.java:317) - Loading XML bean definitions from class path resource [org/springframework/jdbc/support/sql-error-codes.xml]
1}:317 - Loading XML bean definitions from class path resource [org/springframework/jdbc/support/sql-error-codes.xml]
2017-06-15 23:44:12,631 INFO  org.springframework.jdbc.support.SQLErrorCodesFactory (SQLErrorCodesFactory.java:126) - SQLErrorCodes loaded: [DB2, Derby, H2, HSQL, Informix, MS-SQL, MySQL, Oracle, PostgreSQL, Sybase, Hana]
1}:126 - SQLErrorCodes loaded: [DB2, Derby, H2, HSQL, Informix, MS-SQL, MySQL, Oracle, PostgreSQL, Sybase, Hana]
2017-06-15 23:44:12,687 INFO  org.springframework.aop.framework.CglibAopProxy (CglibAopProxy.java:264) - Unable to proxy method [public final void org.springframework.orm.hibernate4.support.HibernateDaoSupport.setSessionFactory(org.hibernate.SessionFactory)] because it is final: All calls to this method via a proxy will NOT be routed to the target instance.
1}:264 - Unable to proxy method [public final void org.springframework.orm.hibernate4.support.HibernateDaoSupport.setSessionFactory(org.hibernate.SessionFactory)] because it is final: All calls to this method via a proxy will NOT be routed to the target instance.
2017-06-15 23:44:12,687 INFO  org.springframework.aop.framework.CglibAopProxy (CglibAopProxy.java:264) - Unable to proxy method [public final org.hibernate.SessionFactory org.springframework.orm.hibernate4.support.HibernateDaoSupport.getSessionFactory()] because it is final: All calls to this method via a proxy will NOT be routed to the target instance.
1}:264 - Unable to proxy method [public final org.hibernate.SessionFactory org.springframework.orm.hibernate4.support.HibernateDaoSupport.getSessionFactory()] because it is final: All calls to this method via a proxy will NOT be routed to the target instance.
2017-06-15 23:44:12,687 INFO  org.springframework.aop.framework.CglibAopProxy (CglibAopProxy.java:264) - Unable to proxy method [public final org.springframework.orm.hibernate4.HibernateTemplate org.springframework.orm.hibernate4.support.HibernateDaoSupport.getHibernateTemplate()] because it is final: All calls to this method via a proxy will NOT be routed to the target instance.
1}:264 - Unable to proxy method [public final org.springframework.orm.hibernate4.HibernateTemplate org.springframework.orm.hibernate4.support.HibernateDaoSupport.getHibernateTemplate()] because it is final: All calls to this method via a proxy will NOT be routed to the target instance.
2017-06-15 23:44:12,687 INFO  org.springframework.aop.framework.CglibAopProxy (CglibAopProxy.java:264) - Unable to proxy method [public final void org.springframework.orm.hibernate4.support.HibernateDaoSupport.setHibernateTemplate(org.springframework.orm.hibernate4.HibernateTemplate)] because it is final: All calls to this method via a proxy will NOT be routed to the target instance.
1}:264 - Unable to proxy method [public final void org.springframework.orm.hibernate4.support.HibernateDaoSupport.setHibernateTemplate(org.springframework.orm.hibernate4.HibernateTemplate)] because it is final: All calls to this method via a proxy will NOT be routed to the target instance.
2017-06-15 23:44:12,688 INFO  org.springframework.aop.framework.CglibAopProxy (CglibAopProxy.java:264) - Unable to proxy method [protected final org.hibernate.Session org.springframework.orm.hibernate4.support.HibernateDaoSupport.currentSession() throws org.springframework.dao.DataAccessResourceFailureException] because it is final: All calls to this method via a proxy will NOT be routed to the target instance.
1}:264 - Unable to proxy method [protected final org.hibernate.Session org.springframework.orm.hibernate4.support.HibernateDaoSupport.currentSession() throws org.springframework.dao.DataAccessResourceFailureException] because it is final: All calls to this method via a proxy will NOT be routed to the target instance.
2017-06-15 23:44:12,688 INFO  org.springframework.aop.framework.CglibAopProxy (CglibAopProxy.java:264) - Unable to proxy method [protected final void org.springframework.orm.hibernate4.support.HibernateDaoSupport.checkDaoConfig()] because it is final: All calls to this method via a proxy will NOT be routed to the target instance.
1}:264 - Unable to proxy method [protected final void org.springframework.orm.hibernate4.support.HibernateDaoSupport.checkDaoConfig()] because it is final: All calls to this method via a proxy will NOT be routed to the target instance.
2017-06-15 23:44:12,688 INFO  org.springframework.aop.framework.CglibAopProxy (CglibAopProxy.java:264) - Unable to proxy method [public final void org.springframework.dao.support.DaoSupport.afterPropertiesSet() throws java.lang.IllegalArgumentException,org.springframework.beans.factory.BeanInitializationException] because it is final: All calls to this method via a proxy will NOT be routed to the target instance.
1}:264 - Unable to proxy method [public final void org.springframework.dao.support.DaoSupport.afterPropertiesSet() throws java.lang.IllegalArgumentException,org.springframework.beans.factory.BeanInitializationException] because it is final: All calls to this method via a proxy will NOT be routed to the target instance.
2017-06-15 23:44:12,806 INFO  org.springframework.aop.framework.CglibAopProxy (CglibAopProxy.java:264) - Unable to proxy method [public final void org.springframework.orm.hibernate4.support.HibernateDaoSupport.setSessionFactory(org.hibernate.SessionFactory)] because it is final: All calls to this method via a proxy will NOT be routed to the target instance.
1}:264 - Unable to proxy method [public final void org.springframework.orm.hibernate4.support.HibernateDaoSupport.setSessionFactory(org.hibernate.SessionFactory)] because it is final: All calls to this method via a proxy will NOT be routed to the target instance.
2017-06-15 23:44:12,806 INFO  org.springframework.aop.framework.CglibAopProxy (CglibAopProxy.java:264) - Unable to proxy method [public final org.hibernate.SessionFactory org.springframework.orm.hibernate4.support.HibernateDaoSupport.getSessionFactory()] because it is final: All calls to this method via a proxy will NOT be routed to the target instance.
1}:264 - Unable to proxy method [public final org.hibernate.SessionFactory org.springframework.orm.hibernate4.support.HibernateDaoSupport.getSessionFactory()] because it is final: All calls to this method via a proxy will NOT be routed to the target instance.
2017-06-15 23:44:12,807 INFO  org.springframework.aop.framework.CglibAopProxy (CglibAopProxy.java:264) - Unable to proxy method [public final org.springframework.orm.hibernate4.HibernateTemplate org.springframework.orm.hibernate4.support.HibernateDaoSupport.getHibernateTemplate()] because it is final: All calls to this method via a proxy will NOT be routed to the target instance.
1}:264 - Unable to proxy method [public final org.springframework.orm.hibernate4.HibernateTemplate org.springframework.orm.hibernate4.support.HibernateDaoSupport.getHibernateTemplate()] because it is final: All calls to this method via a proxy will NOT be routed to the target instance.
2017-06-15 23:44:12,807 INFO  org.springframework.aop.framework.CglibAopProxy (CglibAopProxy.java:264) - Unable to proxy method [public final void org.springframework.orm.hibernate4.support.HibernateDaoSupport.setHibernateTemplate(org.springframework.orm.hibernate4.HibernateTemplate)] because it is final: All calls to this method via a proxy will NOT be routed to the target instance.
1}:264 - Unable to proxy method [public final void org.springframework.orm.hibernate4.support.HibernateDaoSupport.setHibernateTemplate(org.springframework.orm.hibernate4.HibernateTemplate)] because it is final: All calls to this method via a proxy will NOT be routed to the target instance.
2017-06-15 23:44:12,807 INFO  org.springframework.aop.framework.CglibAopProxy (CglibAopProxy.java:264) - Unable to proxy method [protected final org.hibernate.Session org.springframework.orm.hibernate4.support.HibernateDaoSupport.currentSession() throws org.springframework.dao.DataAccessResourceFailureException] because it is final: All calls to this method via a proxy will NOT be routed to the target instance.
1}:264 - Unable to proxy method [protected final org.hibernate.Session org.springframework.orm.hibernate4.support.HibernateDaoSupport.currentSession() throws org.springframework.dao.DataAccessResourceFailureException] because it is final: All calls to this method via a proxy will NOT be routed to the target instance.
2017-06-15 23:44:12,807 INFO  org.springframework.aop.framework.CglibAopProxy (CglibAopProxy.java:264) - Unable to proxy method [protected final void org.springframework.orm.hibernate4.support.HibernateDaoSupport.checkDaoConfig()] because it is final: All calls to this method via a proxy will NOT be routed to the target instance.
1}:264 - Unable to proxy method [protected final void org.springframework.orm.hibernate4.support.HibernateDaoSupport.checkDaoConfig()] because it is final: All calls to this method via a proxy will NOT be routed to the target instance.
2017-06-15 23:44:12,807 INFO  org.springframework.aop.framework.CglibAopProxy (CglibAopProxy.java:264) - Unable to proxy method [public final void org.springframework.dao.support.DaoSupport.afterPropertiesSet() throws java.lang.IllegalArgumentException,org.springframework.beans.factory.BeanInitializationException] because it is final: All calls to this method via a proxy will NOT be routed to the target instance.
1}:264 - Unable to proxy method [public final void org.springframework.dao.support.DaoSupport.afterPropertiesSet() throws java.lang.IllegalArgumentException,org.springframework.beans.factory.BeanInitializationException] because it is final: All calls to this method via a proxy will NOT be routed to the target instance.
2017-06-15 23:44:12,820 INFO  org.springframework.aop.framework.CglibAopProxy (CglibAopProxy.java:264) - Unable to proxy method [public final void org.springframework.orm.hibernate4.support.HibernateDaoSupport.setSessionFactory(org.hibernate.SessionFactory)] because it is final: All calls to this method via a proxy will NOT be routed to the target instance.
1}:264 - Unable to proxy method [public final void org.springframework.orm.hibernate4.support.HibernateDaoSupport.setSessionFactory(org.hibernate.SessionFactory)] because it is final: All calls to this method via a proxy will NOT be routed to the target instance.
2017-06-15 23:44:12,821 INFO  org.springframework.aop.framework.CglibAopProxy (CglibAopProxy.java:264) - Unable to proxy method [public final org.hibernate.SessionFactory org.springframework.orm.hibernate4.support.HibernateDaoSupport.getSessionFactory()] because it is final: All calls to this method via a proxy will NOT be routed to the target instance.
1}:264 - Unable to proxy method [public final org.hibernate.SessionFactory org.springframework.orm.hibernate4.support.HibernateDaoSupport.getSessionFactory()] because it is final: All calls to this method via a proxy will NOT be routed to the target instance.
2017-06-15 23:44:12,821 INFO  org.springframework.aop.framework.CglibAopProxy (CglibAopProxy.java:264) - Unable to proxy method [public final org.springframework.orm.hibernate4.HibernateTemplate org.springframework.orm.hibernate4.support.HibernateDaoSupport.getHibernateTemplate()] because it is final: All calls to this method via a proxy will NOT be routed to the target instance.
1}:264 - Unable to proxy method [public final org.springframework.orm.hibernate4.HibernateTemplate org.springframework.orm.hibernate4.support.HibernateDaoSupport.getHibernateTemplate()] because it is final: All calls to this method via a proxy will NOT be routed to the target instance.
2017-06-15 23:44:12,821 INFO  org.springframework.aop.framework.CglibAopProxy (CglibAopProxy.java:264) - Unable to proxy method [public final void org.springframework.orm.hibernate4.support.HibernateDaoSupport.setHibernateTemplate(org.springframework.orm.hibernate4.HibernateTemplate)] because it is final: All calls to this method via a proxy will NOT be routed to the target instance.
1}:264 - Unable to proxy method [public final void org.springframework.orm.hibernate4.support.HibernateDaoSupport.setHibernateTemplate(org.springframework.orm.hibernate4.HibernateTemplate)] because it is final: All calls to this method via a proxy will NOT be routed to the target instance.
2017-06-15 23:44:12,821 INFO  org.springframework.aop.framework.CglibAopProxy (CglibAopProxy.java:264) - Unable to proxy method [protected final org.hibernate.Session org.springframework.orm.hibernate4.support.HibernateDaoSupport.currentSession() throws org.springframework.dao.DataAccessResourceFailureException] because it is final: All calls to this method via a proxy will NOT be routed to the target instance.
1}:264 - Unable to proxy method [protected final org.hibernate.Session org.springframework.orm.hibernate4.support.HibernateDaoSupport.currentSession() throws org.springframework.dao.DataAccessResourceFailureException] because it is final: All calls to this method via a proxy will NOT be routed to the target instance.
2017-06-15 23:44:12,821 INFO  org.springframework.aop.framework.CglibAopProxy (CglibAopProxy.java:264) - Unable to proxy method [protected final void org.springframework.orm.hibernate4.support.HibernateDaoSupport.checkDaoConfig()] because it is final: All calls to this method via a proxy will NOT be routed to the target instance.
1}:264 - Unable to proxy method [protected final void org.springframework.orm.hibernate4.support.HibernateDaoSupport.checkDaoConfig()] because it is final: All calls to this method via a proxy will NOT be routed to the target instance.
2017-06-15 23:44:12,822 INFO  org.springframework.aop.framework.CglibAopProxy (CglibAopProxy.java:264) - Unable to proxy method [public final void org.springframework.dao.support.DaoSupport.afterPropertiesSet() throws java.lang.IllegalArgumentException,org.springframework.beans.factory.BeanInitializationException] because it is final: All calls to this method via a proxy will NOT be routed to the target instance.
1}:264 - Unable to proxy method [public final void org.springframework.dao.support.DaoSupport.afterPropertiesSet() throws java.lang.IllegalArgumentException,org.springframework.beans.factory.BeanInitializationException] because it is final: All calls to this method via a proxy will NOT be routed to the target instance.
2017-06-15 23:44:13,246 INFO  org.apache.cxf.endpoint.ServerImpl (ServerImpl.java:84) - Setting the server's publish address to be /
1}:84 - Setting the server's publish address to be /
2017-06-15 23:44:13,591 INFO  org.springframework.web.context.ContextLoader (ContextLoader.java:325) - Root WebApplicationContext: initialization completed in 4382 ms
1}:325 - Root WebApplicationContext: initialization completed in 4382 ms
2017-06-15 23:44:35,604 INFO  org.apache.cxf.interceptor.AbstractLoggingInterceptor (AbstractLoggingInterceptor.java:249) - Inbound Message
----------------------------
ID: 1
Address: http://localhost:8080/desapp-groupF-backend/rest/products/getProducts
Http-Method: GET
Content-Type: 
Headers: {Accept=[text/html,application/xhtml+xml,application/xml;q=0.9,image/webp,*/*;q=0.8], accept-encoding=[gzip, deflate, sdch, br], Accept-Language=[es-419,es;q=0.8], connection=[keep-alive], Content-Type=[null], Host=[localhost:8080], Upgrade-Insecure-Requests=[1], User-Agent=[Mozilla/5.0 (Windows NT 10.0; Win64; x64) AppleWebKit/537.36 (KHTML, like Gecko) Chrome/58.0.3029.110 Safari/537.36]}
--------------------------------------
1}:249 - Inbound Message
----------------------------
ID: 1
Address: http://localhost:8080/desapp-groupF-backend/rest/products/getProducts
Http-Method: GET
Content-Type: 
Headers: {Accept=[text/html,application/xhtml+xml,application/xml;q=0.9,image/webp,*/*;q=0.8], accept-encoding=[gzip, deflate, sdch, br], Accept-Language=[es-419,es;q=0.8], connection=[keep-alive], Content-Type=[null], Host=[localhost:8080], Upgrade-Insecure-Requests=[1], User-Agent=[Mozilla/5.0 (Windows NT 10.0; Win64; x64) AppleWebKit/537.36 (KHTML, like Gecko) Chrome/58.0.3029.110 Safari/537.36]}
--------------------------------------
2017-06-15 23:44:35,617 WARN  org.apache.cxf.jaxrs.model.OperationResourceInfoComparator (OperationResourceInfoComparator.java:113) - Both servicesRest.ProductServicesRest#getProducts and servicesRest.ProductServicesRest#getProducts are equal candidates for handling the current request which can lead to unpredictable results
1}:113 - Both servicesRest.ProductServicesRest#getProducts and servicesRest.ProductServicesRest#getProducts are equal candidates for handling the current request which can lead to unpredictable results
2017-06-15 23:44:35,625 INFO  aspects.LoggerAspect (LoggerAspect.java:18) - Method intercepted in servicesRest.ProductServicesRest
1}:18 - Method intercepted in servicesRest.ProductServicesRest
2017-06-15 23:44:35,625 INFO  aspects.LoggerAspect (LoggerAspect.java:19) - Starting logging...
1}:19 - Starting logging...
2017-06-15 23:44:35,648 INFO  aspects.LoggerAspect (LoggerAspect.java:20) - Entering in Method :  getProducts
1}:20 - Entering in Method :  getProducts
2017-06-15 23:44:35,649 INFO  aspects.LoggerAspect (LoggerAspect.java:21) - With arguments: [Ljava.lang.Object;@489e2941
1}:21 - With arguments: [Ljava.lang.Object;@489e2941
2017-06-15 23:44:35,649 INFO  aspects.LoggerAspect (LoggerAspect.java:22) - Ending logging...
1}:22 - Ending logging...
2017-06-15 23:44:36,361 INFO  org.apache.cxf.interceptor.AbstractLoggingInterceptor (AbstractLoggingInterceptor.java:249) - Outbound Message
---------------------------
ID: 1
Response-Code: 200
Content-Type: application/json
Headers: {Content-Type=[application/json], Date=[Fri, 16 Jun 2017 02:44:35 GMT]}
Payload: [{"name":"Papas Fritas","id":1,"category":"Food","image":"https://www.vegaffinity.com/imagenes/alimentos/pringlesoriginal.png","brand":"Pringles","stock":2,"price":{"decimalPart":0,"entirePart":50}},{"name":"Maní x 500 gr.","id":2,"category":"Food","image":"http://jumbo.vteximg.com.br/arquivos/ids/161514-100-100/1582126.jpg","brand":"ALoLoco","stock":2,"price":{"decimalPart":0,"entirePart":25}},{"name":"Jamón cocido x 100 gr.","id":3,"category":"Food","image":"http://jumbo.vteximg.com.br/arquivos/ids/169721-100-100/705256-KG.jpg","brand":"Bocatti","stock":2,"price":{"decimalPart":0,"entirePart":40}},{"name":"Aperitivo x 1L","id":4,"category":"Drinks","image":"http://walmartar.vteximg.com.br/arquivos/ids/780751-100-100/0779095000019-1.jpg","brand":"Gancia","stock":2,"price":{"decimalPart":0,"entirePart":80}},{"name":"Gaseosa x 2.25L","id":5,"category":"Food","image":"http://jumbo.vteximg.com.br/arquivos/ids/159435-100-100/263427.jpg","brand":"Sprite","stock":2,"price":{"decimalPart":0,"entirePart":22}}]
--------------------------------------
1}:249 - Outbound Message
---------------------------
ID: 1
Response-Code: 200
Content-Type: application/json
Headers: {Content-Type=[application/json], Date=[Fri, 16 Jun 2017 02:44:35 GMT]}
Payload: [{"name":"Papas Fritas","id":1,"category":"Food","image":"https://www.vegaffinity.com/imagenes/alimentos/pringlesoriginal.png","brand":"Pringles","stock":2,"price":{"decimalPart":0,"entirePart":50}},{"name":"Maní x 500 gr.","id":2,"category":"Food","image":"http://jumbo.vteximg.com.br/arquivos/ids/161514-100-100/1582126.jpg","brand":"ALoLoco","stock":2,"price":{"decimalPart":0,"entirePart":25}},{"name":"Jamón cocido x 100 gr.","id":3,"category":"Food","image":"http://jumbo.vteximg.com.br/arquivos/ids/169721-100-100/705256-KG.jpg","brand":"Bocatti","stock":2,"price":{"decimalPart":0,"entirePart":40}},{"name":"Aperitivo x 1L","id":4,"category":"Drinks","image":"http://walmartar.vteximg.com.br/arquivos/ids/780751-100-100/0779095000019-1.jpg","brand":"Gancia","stock":2,"price":{"decimalPart":0,"entirePart":80}},{"name":"Gaseosa x 2.25L","id":5,"category":"Food","image":"http://jumbo.vteximg.com.br/arquivos/ids/159435-100-100/263427.jpg","brand":"Sprite","stock":2,"price":{"decimalPart":0,"entirePart":22}}]
--------------------------------------
